2025/03/08 01:15:25 [notice] 1#1: using the "epoll" event method
2025/03/08 01:15:25 [notice] 1#1: nginx/1.26.3
2025/03/08 01:15:25 [notice] 1#1: built by gcc 13.2.1 20240309 (Alpine 13.2.1_git20240309) 
2025/03/08 01:15:25 [notice] 1#1: OS: Linux 6.11.0-19-generic
2025/03/08 01:15:25 [notice] 1#1: getrlimit(RLIMIT_NOFILE): 1048576:1048576
2025/03/08 01:15:25 [notice] 1#1: start worker processes
2025/03/08 01:15:25 [notice] 1#1: start worker process 20
2025/03/08 01:15:25 [notice] 1#1: start worker process 21
2025/03/08 01:15:25 [notice] 1#1: start worker process 22
2025/03/08 01:15:25 [notice] 1#1: start worker process 23
2025/03/08 01:15:25 [notice] 1#1: start worker process 24
2025/03/08 01:15:25 [notice] 1#1: start worker process 25
2025/03/08 01:15:25 [notice] 1#1: start worker process 26
2025/03/08 01:15:25 [notice] 1#1: start worker process 27
2025/03/08 01:23:25 [notice] 1#1: signal 3 (SIGQUIT) received, shutting down
2025/03/08 01:23:25 [notice] 21#21: gracefully shutting down
2025/03/08 01:23:25 [notice] 20#20: gracefully shutting down
2025/03/08 01:23:25 [notice] 22#22: gracefully shutting down
2025/03/08 01:23:25 [notice] 24#24: gracefully shutting down
2025/03/08 01:23:25 [notice] 27#27: gracefully shutting down
2025/03/08 01:23:25 [notice] 21#21: exiting
2025/03/08 01:23:25 [notice] 22#22: exiting
2025/03/08 01:23:25 [notice] 20#20: exiting
2025/03/08 01:23:25 [notice] 24#24: exiting
2025/03/08 01:23:25 [notice] 27#27: exiting
2025/03/08 01:23:25 [notice] 23#23: gracefully shutting down
2025/03/08 01:23:25 [notice] 21#21: exit
2025/03/08 01:23:25 [notice] 24#24: exit
2025/03/08 01:23:25 [notice] 22#22: exit
2025/03/08 01:23:25 [notice] 23#23: exiting
2025/03/08 01:23:25 [notice] 27#27: exit
2025/03/08 01:23:25 [notice] 20#20: exit
2025/03/08 01:23:25 [notice] 23#23: exit
2025/03/08 01:23:25 [notice] 25#25: gracefully shutting down
2025/03/08 01:23:25 [notice] 25#25: exiting
2025/03/08 01:23:25 [notice] 26#26: gracefully shutting down
2025/03/08 01:23:25 [notice] 26#26: exiting
2025/03/08 01:23:25 [notice] 25#25: exit
2025/03/08 01:23:25 [notice] 26#26: exit
2025/03/08 01:23:25 [notice] 1#1: signal 17 (SIGCHLD) received from 25
2025/03/08 01:23:25 [notice] 1#1: worker process 25 exited with code 0
2025/03/08 01:23:25 [notice] 1#1: signal 29 (SIGIO) received
2025/03/08 01:23:25 [notice] 1#1: signal 17 (SIGCHLD) received from 24
2025/03/08 01:23:25 [notice] 1#1: worker process 24 exited with code 0
2025/03/08 01:23:25 [notice] 1#1: signal 29 (SIGIO) received
2025/03/08 01:23:25 [notice] 1#1: signal 17 (SIGCHLD) received from 20
2025/03/08 01:23:25 [notice] 1#1: worker process 20 exited with code 0
2025/03/08 01:23:25 [notice] 1#1: signal 29 (SIGIO) received
2025/03/08 01:23:25 [notice] 1#1: signal 17 (SIGCHLD) received from 27
2025/03/08 01:23:25 [notice] 1#1: worker process 27 exited with code 0
2025/03/08 01:23:25 [notice] 1#1: signal 29 (SIGIO) received
2025/03/08 01:23:25 [notice] 1#1: signal 17 (SIGCHLD) received from 26
2025/03/08 01:23:25 [notice] 1#1: worker process 26 exited with code 0
2025/03/08 01:23:25 [notice] 1#1: signal 29 (SIGIO) received
2025/03/08 01:23:25 [notice] 1#1: signal 17 (SIGCHLD) received from 22
2025/03/08 01:23:25 [notice] 1#1: worker process 22 exited with code 0
2025/03/08 01:23:25 [notice] 1#1: signal 29 (SIGIO) received
2025/03/08 01:23:25 [notice] 1#1: signal 17 (SIGCHLD) received from 23
2025/03/08 01:23:25 [notice] 1#1: worker process 21 exited with code 0
2025/03/08 01:23:25 [notice] 1#1: worker process 23 exited with code 0
2025/03/08 01:23:25 [notice] 1#1: exit
2025/03/08 01:23:37 [notice] 1#1: using the "epoll" event method
2025/03/08 01:23:37 [notice] 1#1: nginx/1.26.3
2025/03/08 01:23:37 [notice] 1#1: built by gcc 13.2.1 20240309 (Alpine 13.2.1_git20240309) 
2025/03/08 01:23:37 [notice] 1#1: OS: Linux 6.11.0-19-generic
2025/03/08 01:23:37 [notice] 1#1: getrlimit(RLIMIT_NOFILE): 1048576:1048576
2025/03/08 01:23:37 [notice] 1#1: start worker processes
2025/03/08 01:23:37 [notice] 1#1: start worker process 20
2025/03/08 01:23:37 [notice] 1#1: start worker process 21
2025/03/08 01:23:37 [notice] 1#1: start worker process 22
2025/03/08 01:23:37 [notice] 1#1: start worker process 23
2025/03/08 01:23:37 [notice] 1#1: start worker process 24
2025/03/08 01:23:37 [notice] 1#1: start worker process 25
2025/03/08 01:23:37 [notice] 1#1: start worker process 26
2025/03/08 01:23:37 [notice] 1#1: start worker process 27
2025/03/08 01:25:42 [notice] 1#1: signal 3 (SIGQUIT) received, shutting down
2025/03/08 01:25:42 [notice] 22#22: gracefully shutting down
2025/03/08 01:25:42 [notice] 22#22: exiting
2025/03/08 01:25:42 [notice] 20#20: gracefully shutting down
2025/03/08 01:25:42 [notice] 21#21: gracefully shutting down
2025/03/08 01:25:42 [notice] 20#20: exiting
2025/03/08 01:25:42 [notice] 21#21: exiting
2025/03/08 01:25:42 [notice] 22#22: exit
2025/03/08 01:25:42 [notice] 20#20: exit
2025/03/08 01:25:42 [notice] 21#21: exit
2025/03/08 01:25:42 [notice] 24#24: gracefully shutting down
2025/03/08 01:25:42 [notice] 24#24: exiting
2025/03/08 01:25:42 [notice] 23#23: gracefully shutting down
2025/03/08 01:25:42 [notice] 23#23: exiting
2025/03/08 01:25:42 [notice] 26#26: gracefully shutting down
2025/03/08 01:25:42 [notice] 26#26: exiting
2025/03/08 01:25:42 [notice] 26#26: exit
2025/03/08 01:25:42 [notice] 25#25: gracefully shutting down
2025/03/08 01:25:42 [notice] 25#25: exiting
2025/03/08 01:25:42 [notice] 25#25: exit
2025/03/08 01:25:42 [notice] 24#24: exit
2025/03/08 01:25:42 [notice] 27#27: gracefully shutting down
2025/03/08 01:25:42 [notice] 27#27: exiting
2025/03/08 01:25:42 [notice] 27#27: exit
2025/03/08 01:25:42 [notice] 23#23: exit
2025/03/08 01:25:42 [notice] 1#1: signal 17 (SIGCHLD) received from 22
2025/03/08 01:25:42 [notice] 1#1: worker process 22 exited with code 0
2025/03/08 01:25:42 [notice] 1#1: worker process 21 exited with code 0
2025/03/08 01:25:42 [notice] 1#1: signal 29 (SIGIO) received
2025/03/08 01:25:42 [notice] 1#1: signal 17 (SIGCHLD) received from 21
2025/03/08 01:25:42 [notice] 1#1: worker process 26 exited with code 0
2025/03/08 01:25:42 [notice] 1#1: signal 29 (SIGIO) received
2025/03/08 01:25:42 [notice] 1#1: signal 17 (SIGCHLD) received from 24
2025/03/08 01:25:42 [notice] 1#1: worker process 24 exited with code 0
2025/03/08 01:25:42 [notice] 1#1: signal 29 (SIGIO) received
2025/03/08 01:25:42 [notice] 1#1: signal 17 (SIGCHLD) received from 20
2025/03/08 01:25:42 [notice] 1#1: worker process 20 exited with code 0
2025/03/08 01:25:42 [notice] 1#1: signal 29 (SIGIO) received
2025/03/08 01:25:42 [notice] 1#1: signal 17 (SIGCHLD) received from 27
2025/03/08 01:25:42 [notice] 1#1: worker process 25 exited with code 0
2025/03/08 01:25:42 [notice] 1#1: worker process 23 exited with code 0
2025/03/08 01:25:42 [notice] 1#1: worker process 27 exited with code 0
2025/03/08 01:25:42 [notice] 1#1: exit
2025/03/08 01:27:01 [notice] 1#1: using the "epoll" event method
2025/03/08 01:27:01 [notice] 1#1: nginx/1.26.3
2025/03/08 01:27:01 [notice] 1#1: built by gcc 13.2.1 20240309 (Alpine 13.2.1_git20240309) 
2025/03/08 01:27:01 [notice] 1#1: OS: Linux 6.11.0-19-generic
2025/03/08 01:27:01 [notice] 1#1: getrlimit(RLIMIT_NOFILE): 1048576:1048576
2025/03/08 01:27:01 [notice] 1#1: start worker processes
2025/03/08 01:27:01 [notice] 1#1: start worker process 20
2025/03/08 01:27:01 [notice] 1#1: start worker process 21
2025/03/08 01:27:01 [notice] 1#1: start worker process 22
2025/03/08 01:27:01 [notice] 1#1: start worker process 23
2025/03/08 01:27:01 [notice] 1#1: start worker process 24
2025/03/08 01:27:01 [notice] 1#1: start worker process 25
2025/03/08 01:27:01 [notice] 1#1: start worker process 26
2025/03/08 01:27:01 [notice] 1#1: start worker process 27
2025/03/08 02:50:31 [emerg] 1023#1023: "location" directive is not allowed here in /etc/nginx/conf.d/laravel-common.conf:5
2025/03/08 02:51:01 [emerg] 1029#1029: "location" directive is not allowed here in /etc/nginx/conf.d/laravel-common.conf:5
2025/03/08 02:51:31 [emerg] 1035#1035: "location" directive is not allowed here in /etc/nginx/conf.d/laravel-common.conf:5
2025/03/08 02:52:01 [emerg] 1041#1041: "location" directive is not allowed here in /etc/nginx/conf.d/laravel-common.conf:5
2025/03/08 02:52:32 [emerg] 1048#1048: "location" directive is not allowed here in /etc/nginx/conf.d/laravel-common.conf:5
2025/03/08 02:53:02 [emerg] 1054#1054: "location" directive is not allowed here in /etc/nginx/conf.d/laravel-common.conf:5
2025/03/08 02:53:32 [emerg] 1060#1060: "location" directive is not allowed here in /etc/nginx/conf.d/laravel-common.conf:5
2025/03/08 02:54:02 [emerg] 1066#1066: "location" directive is not allowed here in /etc/nginx/conf.d/laravel-common.conf:5
2025/03/08 02:54:32 [emerg] 1072#1072: "location" directive is not allowed here in /etc/nginx/conf.d/laravel-common.conf:5
2025/03/08 02:55:02 [emerg] 1078#1078: "location" directive is not allowed here in /etc/nginx/conf.d/laravel-common.conf:5
2025/03/08 02:55:33 [emerg] 1084#1084: "location" directive is not allowed here in /etc/nginx/conf.d/laravel-common.conf:5
2025/03/08 02:56:03 [emerg] 1090#1090: "location" directive is not allowed here in /etc/nginx/conf.d/laravel-common.conf:5
2025/03/08 02:56:33 [emerg] 1096#1096: "location" directive is not allowed here in /etc/nginx/conf.d/laravel-common.conf:5
2025/03/08 02:57:03 [emerg] 1102#1102: "location" directive is not allowed here in /etc/nginx/conf.d/laravel-common.conf:5
2025/03/08 02:57:33 [emerg] 1108#1108: "location" directive is not allowed here in /etc/nginx/conf.d/laravel-common.conf:5
2025/03/08 02:58:03 [emerg] 1114#1114: "location" directive is not allowed here in /etc/nginx/conf.d/laravel-common.conf:5
2025/03/08 02:58:34 [emerg] 1120#1120: "location" directive is not allowed here in /etc/nginx/conf.d/laravel-common.conf:5
2025/03/08 02:59:04 [emerg] 1126#1126: "location" directive is not allowed here in /etc/nginx/conf.d/laravel-common.conf:5
2025/03/08 02:59:34 [emerg] 1132#1132: "location" directive is not allowed here in /etc/nginx/conf.d/laravel-common.conf:5
2025/03/08 03:00:04 [emerg] 1138#1138: "location" directive is not allowed here in /etc/nginx/conf.d/laravel-common.conf:5
2025/03/08 03:00:34 [emerg] 1144#1144: "location" directive is not allowed here in /etc/nginx/conf.d/laravel-common.conf:5
2025/03/08 03:01:04 [emerg] 1150#1150: "location" directive is not allowed here in /etc/nginx/conf.d/laravel-common.conf:5
2025/03/08 03:01:35 [emerg] 1156#1156: "location" directive is not allowed here in /etc/nginx/conf.d/laravel-common.conf:5
2025/03/08 03:02:05 [emerg] 1162#1162: "location" directive is not allowed here in /etc/nginx/conf.d/laravel-common.conf:5
2025/03/08 03:02:35 [emerg] 1168#1168: "location" directive is not allowed here in /etc/nginx/conf.d/laravel-common.conf:5
2025/03/08 03:03:05 [emerg] 1174#1174: "location" directive is not allowed here in /etc/nginx/conf.d/laravel-common.conf:5
2025/03/08 03:03:35 [emerg] 1180#1180: "location" directive is not allowed here in /etc/nginx/conf.d/laravel-common.conf:5
2025/03/08 03:04:06 [emerg] 1186#1186: "location" directive is not allowed here in /etc/nginx/conf.d/laravel-common.conf:5
2025/03/08 03:04:36 [emerg] 1192#1192: "location" directive is not allowed here in /etc/nginx/conf.d/laravel-common.conf:5
2025/03/08 03:05:06 [emerg] 1198#1198: "location" directive is not allowed here in /etc/nginx/conf.d/laravel-common.conf:5
2025/03/08 03:05:36 [emerg] 1204#1204: "location" directive is not allowed here in /etc/nginx/conf.d/laravel-common.conf:5
2025/03/08 03:06:06 [emerg] 1210#1210: "location" directive is not allowed here in /etc/nginx/conf.d/laravel-common.conf:5
2025/03/08 03:06:36 [emerg] 1216#1216: "location" directive is not allowed here in /etc/nginx/conf.d/laravel-common.conf:5
2025/03/08 03:07:07 [emerg] 1222#1222: "location" directive is not allowed here in /etc/nginx/conf.d/laravel-common.conf:5
2025/03/08 03:07:37 [emerg] 1229#1229: "location" directive is not allowed here in /etc/nginx/conf.d/laravel-common.conf:5
2025/03/08 03:08:07 [emerg] 1235#1235: "location" directive is not allowed here in /etc/nginx/conf.d/laravel-common.conf:5
2025/03/08 03:08:37 [emerg] 1241#1241: "location" directive is not allowed here in /etc/nginx/conf.d/laravel-common.conf:5
2025/03/08 03:09:07 [emerg] 1247#1247: "location" directive is not allowed here in /etc/nginx/conf.d/laravel-common.conf:5
2025/03/08 03:09:38 [emerg] 1253#1253: "location" directive is not allowed here in /etc/nginx/conf.d/laravel-common.conf:5
2025/03/08 03:10:08 [emerg] 1259#1259: "location" directive is not allowed here in /etc/nginx/conf.d/laravel-common.conf:5
2025/03/08 03:10:38 [emerg] 1265#1265: "location" directive is not allowed here in /etc/nginx/conf.d/laravel-common.conf:5
2025/03/08 03:11:08 [emerg] 1271#1271: "location" directive is not allowed here in /etc/nginx/conf.d/laravel-common.conf:5
2025/03/08 03:11:38 [emerg] 1277#1277: "location" directive is not allowed here in /etc/nginx/conf.d/laravel-common.conf:5
2025/03/08 03:12:08 [emerg] 1283#1283: "location" directive is not allowed here in /etc/nginx/conf.d/laravel-common.conf:5
2025/03/08 03:12:39 [emerg] 1289#1289: "location" directive is not allowed here in /etc/nginx/conf.d/laravel-common.conf:5
2025/03/08 03:13:09 [emerg] 1295#1295: "location" directive is not allowed here in /etc/nginx/conf.d/laravel-common.conf:5
2025/03/08 03:13:39 [emerg] 1301#1301: "location" directive is not allowed here in /etc/nginx/conf.d/laravel-common.conf:5
2025/03/08 03:14:09 [emerg] 1307#1307: "location" directive is not allowed here in /etc/nginx/conf.d/laravel-common.conf:5
2025/03/08 03:14:39 [emerg] 1313#1313: "location" directive is not allowed here in /etc/nginx/conf.d/laravel-common.conf:5
2025/03/08 03:15:09 [emerg] 1319#1319: "location" directive is not allowed here in /etc/nginx/conf.d/laravel-common.conf:5
2025/03/08 03:15:40 [emerg] 1325#1325: "location" directive is not allowed here in /etc/nginx/conf.d/laravel-common.conf:5
2025/03/08 03:16:10 [emerg] 1331#1331: "location" directive is not allowed here in /etc/nginx/conf.d/laravel-common.conf:5
2025/03/08 03:16:40 [emerg] 1337#1337: "location" directive is not allowed here in /etc/nginx/conf.d/laravel-common.conf:5
2025/03/08 03:17:10 [emerg] 1342#1342: "location" directive is not allowed here in /etc/nginx/conf.d/laravel-common.conf:5
2025/03/08 03:17:40 [emerg] 1348#1348: "location" directive is not allowed here in /etc/nginx/conf.d/laravel-common.conf:5
2025/03/08 03:18:11 [emerg] 1355#1355: "location" directive is not allowed here in /etc/nginx/conf.d/laravel-common.conf:5
2025/03/08 03:18:41 [emerg] 1361#1361: "location" directive is not allowed here in /etc/nginx/conf.d/laravel-common.conf:5
2025/03/08 03:19:11 [emerg] 1367#1367: "location" directive is not allowed here in /etc/nginx/conf.d/laravel-common.conf:5
2025/03/08 03:19:41 [emerg] 1373#1373: "location" directive is not allowed here in /etc/nginx/conf.d/laravel-common.conf:5
2025/03/08 03:20:11 [emerg] 1379#1379: "location" directive is not allowed here in /etc/nginx/conf.d/laravel-common.conf:5
2025/03/08 03:20:41 [emerg] 1385#1385: "location" directive is not allowed here in /etc/nginx/conf.d/laravel-common.conf:5
2025/03/08 03:21:12 [emerg] 1391#1391: "location" directive is not allowed here in /etc/nginx/conf.d/laravel-common.conf:5
2025/03/08 03:21:42 [emerg] 1397#1397: "location" directive is not allowed here in /etc/nginx/conf.d/laravel-common.conf:5
2025/03/08 03:22:12 [emerg] 1403#1403: "location" directive is not allowed here in /etc/nginx/conf.d/laravel-common.conf:5
2025/03/08 10:00:29 [emerg] 1#1: "location" directive is not allowed here in /etc/nginx/conf.d/laravel-common.conf:5
2025/03/08 10:00:30 [emerg] 1#1: "location" directive is not allowed here in /etc/nginx/conf.d/laravel-common.conf:5
2025/03/08 10:00:30 [emerg] 1#1: "location" directive is not allowed here in /etc/nginx/conf.d/laravel-common.conf:5
2025/03/08 10:00:31 [emerg] 1#1: "location" directive is not allowed here in /etc/nginx/conf.d/laravel-common.conf:5
2025/03/08 10:00:32 [emerg] 1#1: "location" directive is not allowed here in /etc/nginx/conf.d/laravel-common.conf:5
2025/03/08 10:00:34 [emerg] 1#1: "location" directive is not allowed here in /etc/nginx/conf.d/laravel-common.conf:5
2025/03/08 10:00:37 [emerg] 1#1: "location" directive is not allowed here in /etc/nginx/conf.d/laravel-common.conf:5
2025/03/08 10:00:44 [emerg] 1#1: "location" directive is not allowed here in /etc/nginx/conf.d/laravel-common.conf:5
2025/03/08 10:00:57 [emerg] 1#1: "location" directive is not allowed here in /etc/nginx/conf.d/laravel-common.conf:5
2025/03/08 10:01:23 [emerg] 1#1: "location" directive is not allowed here in /etc/nginx/conf.d/laravel-common.conf:5
2025/03/08 10:02:14 [emerg] 1#1: "location" directive is not allowed here in /etc/nginx/conf.d/laravel-common.conf:5
2025/03/08 10:03:14 [emerg] 1#1: "location" directive is not allowed here in /etc/nginx/conf.d/laravel-common.conf:5
2025/03/08 10:04:14 [emerg] 1#1: "location" directive is not allowed here in /etc/nginx/conf.d/laravel-common.conf:5
2025/03/08 10:05:15 [emerg] 1#1: "location" directive is not allowed here in /etc/nginx/conf.d/laravel-common.conf:5
2025/03/08 10:06:15 [emerg] 1#1: "location" directive is not allowed here in /etc/nginx/conf.d/laravel-common.conf:5
2025/03/08 10:07:15 [emerg] 1#1: "location" directive is not allowed here in /etc/nginx/conf.d/laravel-common.conf:5
2025/03/08 10:08:15 [emerg] 1#1: "location" directive is not allowed here in /etc/nginx/conf.d/laravel-common.conf:5
2025/03/08 10:09:15 [emerg] 1#1: "location" directive is not allowed here in /etc/nginx/conf.d/laravel-common.conf:5
2025/03/08 10:10:16 [emerg] 1#1: "location" directive is not allowed here in /etc/nginx/conf.d/laravel-common.conf:5
2025/03/08 10:11:16 [emerg] 1#1: "location" directive is not allowed here in /etc/nginx/conf.d/laravel-common.conf:5
2025/03/08 10:12:16 [emerg] 1#1: "location" directive is not allowed here in /etc/nginx/conf.d/laravel-common.conf:5
2025/03/08 10:13:16 [emerg] 1#1: "location" directive is not allowed here in /etc/nginx/conf.d/laravel-common.conf:5
2025/03/08 10:14:16 [emerg] 1#1: "location" directive is not allowed here in /etc/nginx/conf.d/laravel-common.conf:5
2025/03/08 10:15:17 [emerg] 1#1: "location" directive is not allowed here in /etc/nginx/conf.d/laravel-common.conf:5
2025/03/08 10:16:17 [emerg] 1#1: "location" directive is not allowed here in /etc/nginx/conf.d/laravel-common.conf:5
2025/03/08 10:17:17 [emerg] 1#1: "location" directive is not allowed here in /etc/nginx/conf.d/laravel-common.conf:5
2025/03/08 10:18:17 [emerg] 1#1: "location" directive is not allowed here in /etc/nginx/conf.d/laravel-common.conf:5
2025/03/08 10:19:18 [emerg] 1#1: "location" directive is not allowed here in /etc/nginx/conf.d/laravel-common.conf:5
2025/03/08 10:20:18 [emerg] 1#1: "location" directive is not allowed here in /etc/nginx/conf.d/laravel-common.conf:5
2025/03/08 10:21:18 [emerg] 1#1: "location" directive is not allowed here in /etc/nginx/conf.d/laravel-common.conf:5
2025/03/08 10:22:18 [emerg] 1#1: "location" directive is not allowed here in /etc/nginx/conf.d/laravel-common.conf:5
2025/03/08 10:23:19 [emerg] 1#1: "location" directive is not allowed here in /etc/nginx/conf.d/laravel-common.conf:5
2025/03/08 10:24:19 [emerg] 1#1: "location" directive is not allowed here in /etc/nginx/conf.d/laravel-common.conf:5
2025/03/08 10:25:19 [emerg] 1#1: "location" directive is not allowed here in /etc/nginx/conf.d/laravel-common.conf:5
2025/03/08 10:26:19 [emerg] 1#1: "location" directive is not allowed here in /etc/nginx/conf.d/laravel-common.conf:5
2025/03/08 10:27:20 [emerg] 1#1: "location" directive is not allowed here in /etc/nginx/conf.d/laravel-common.conf:5
2025/03/08 10:28:20 [emerg] 1#1: "location" directive is not allowed here in /etc/nginx/conf.d/laravel-common.conf:5
2025/03/08 10:29:20 [emerg] 1#1: "location" directive is not allowed here in /etc/nginx/conf.d/laravel-common.conf:5
2025/03/08 10:30:20 [emerg] 1#1: "location" directive is not allowed here in /etc/nginx/conf.d/laravel-common.conf:5
2025/03/08 10:31:21 [emerg] 1#1: "location" directive is not allowed here in /etc/nginx/conf.d/laravel-common.conf:5
2025/03/08 10:32:21 [emerg] 1#1: "location" directive is not allowed here in /etc/nginx/conf.d/laravel-common.conf:5
2025/03/08 10:33:21 [emerg] 1#1: "location" directive is not allowed here in /etc/nginx/conf.d/laravel-common.conf:5
2025/03/08 10:34:21 [emerg] 1#1: "location" directive is not allowed here in /etc/nginx/conf.d/laravel-common.conf:5
2025/03/08 10:35:22 [emerg] 1#1: "location" directive is not allowed here in /etc/nginx/conf.d/laravel-common.conf:5
2025/03/08 10:36:22 [emerg] 1#1: "location" directive is not allowed here in /etc/nginx/conf.d/laravel-common.conf:5
2025/03/08 10:37:22 [emerg] 1#1: "location" directive is not allowed here in /etc/nginx/conf.d/laravel-common.conf:5
2025/03/08 10:38:22 [emerg] 1#1: "location" directive is not allowed here in /etc/nginx/conf.d/laravel-common.conf:5
2025/03/08 10:39:22 [emerg] 1#1: "location" directive is not allowed here in /etc/nginx/conf.d/laravel-common.conf:5
2025/03/08 10:40:23 [emerg] 1#1: "location" directive is not allowed here in /etc/nginx/conf.d/laravel-common.conf:5
2025/03/08 10:41:23 [emerg] 1#1: "location" directive is not allowed here in /etc/nginx/conf.d/laravel-common.conf:5
2025/03/08 10:42:23 [emerg] 1#1: "location" directive is not allowed here in /etc/nginx/conf.d/laravel-common.conf:5
2025/03/08 10:43:23 [emerg] 1#1: "location" directive is not allowed here in /etc/nginx/conf.d/laravel-common.conf:5
2025/03/08 10:44:24 [emerg] 1#1: "location" directive is not allowed here in /etc/nginx/conf.d/laravel-common.conf:5
2025/03/08 10:45:24 [emerg] 1#1: "location" directive is not allowed here in /etc/nginx/conf.d/laravel-common.conf:5
2025/03/08 10:46:24 [emerg] 1#1: "location" directive is not allowed here in /etc/nginx/conf.d/laravel-common.conf:5
2025/03/08 10:47:24 [emerg] 1#1: "location" directive is not allowed here in /etc/nginx/conf.d/laravel-common.conf:5
2025/03/08 10:48:24 [emerg] 1#1: "location" directive is not allowed here in /etc/nginx/conf.d/laravel-common.conf:5
2025/03/08 10:49:25 [emerg] 1#1: "location" directive is not allowed here in /etc/nginx/conf.d/laravel-common.conf:5
2025/03/08 10:50:25 [emerg] 1#1: "location" directive is not allowed here in /etc/nginx/conf.d/laravel-common.conf:5
2025/03/08 10:51:25 [emerg] 1#1: "location" directive is not allowed here in /etc/nginx/conf.d/laravel-common.conf:5
2025/03/08 10:52:25 [emerg] 1#1: "location" directive is not allowed here in /etc/nginx/conf.d/laravel-common.conf:5
2025/03/08 10:53:26 [emerg] 1#1: "location" directive is not allowed here in /etc/nginx/conf.d/laravel-common.conf:5
2025/03/08 10:54:26 [emerg] 1#1: "location" directive is not allowed here in /etc/nginx/conf.d/laravel-common.conf:5
2025/03/08 10:55:26 [emerg] 1#1: "location" directive is not allowed here in /etc/nginx/conf.d/laravel-common.conf:5
2025/03/08 10:56:26 [emerg] 1#1: "location" directive is not allowed here in /etc/nginx/conf.d/laravel-common.conf:5
2025/03/08 10:57:26 [emerg] 1#1: "location" directive is not allowed here in /etc/nginx/conf.d/laravel-common.conf:5
2025/03/08 10:58:27 [emerg] 1#1: "location" directive is not allowed here in /etc/nginx/conf.d/laravel-common.conf:5
2025/03/08 10:59:27 [emerg] 1#1: "location" directive is not allowed here in /etc/nginx/conf.d/laravel-common.conf:5
2025/03/08 11:00:27 [emerg] 1#1: "location" directive is not allowed here in /etc/nginx/conf.d/laravel-common.conf:5
2025/03/08 11:01:27 [emerg] 1#1: "location" directive is not allowed here in /etc/nginx/conf.d/laravel-common.conf:5
2025/03/08 11:02:28 [emerg] 1#1: "location" directive is not allowed here in /etc/nginx/conf.d/laravel-common.conf:5
2025/03/08 11:03:28 [emerg] 1#1: "location" directive is not allowed here in /etc/nginx/conf.d/laravel-common.conf:5
2025/03/08 11:04:28 [emerg] 1#1: "location" directive is not allowed here in /etc/nginx/conf.d/laravel-common.conf:5
2025/03/08 11:05:28 [emerg] 1#1: "location" directive is not allowed here in /etc/nginx/conf.d/laravel-common.conf:5
2025/03/08 11:06:29 [emerg] 1#1: "location" directive is not allowed here in /etc/nginx/conf.d/laravel-common.conf:5
2025/03/08 11:07:29 [emerg] 1#1: "location" directive is not allowed here in /etc/nginx/conf.d/laravel-common.conf:5
2025/03/08 11:08:29 [emerg] 1#1: "location" directive is not allowed here in /etc/nginx/conf.d/laravel-common.conf:5
